<?xml version="1.0" encoding="UTF-8"?>
<testsuite name="com.kfaino.diapertracker.PatchArchiveBoundaryTest" tests="2" skipped="0" failures="0" errors="0" timestamp="2026-08-31T16:16:29" hostname="KFAINO" time="0.824">
  <properties/>
  <testcase name="crossPlatformTraversalRejectedBeforeWriting" classname="com.kfaino.diapertracker.PatchArchiveBoundaryTest" time="0.08"/>
  <testcase name="inflatedArchiveRejectedAtLimit" classname="com.kfaino.diapertracker.PatchArchiveBoundaryTest" time="0.744"/>
  <system-out><![CDATA[]]></system-out>
  <system-err><![CDATA[]]></system-err>
</testsuite>
