<?xml version="1.0" encoding="UTF-8"?>
<testsuite name="com.kfaino.diapertracker.Collecter55NexusSuiteTest" tests="4" skipped="0" failures="0" errors="0" timestamp="2026-08-31T16:16:28" hostname="KFAINO" time="0.018">
  <properties/>
  <testcase name="光学镜头高湿防霉预警测试" classname="com.kfaino.diapertracker.Collecter55NexusSuiteTest" time="0.006"/>
  <testcase name="多币种离线折算与格式化准确性测试" classname="com.kfaino.diapertracker.Collecter55NexusSuiteTest" time="0.006"/>
  <testcase name="3D装箱空间容积率计算准确性测试" classname="com.kfaino.diapertracker.Collecter55NexusSuiteTest" time="0.002"/>
  <testcase name="耗材流速耗尽周期预测测试" classname="com.kfaino.diapertracker.Collecter55NexusSuiteTest" time="0.004"/>
  <system-out><![CDATA[]]></system-out>
  <system-err><![CDATA[]]></system-err>
</testsuite>
