<?xml version="1.0" encoding="UTF-8"?>
<testsuite name="com.kfaino.diapertracker.IdeaClippingVaultTest" tests="2" skipped="0" failures="0" errors="0" timestamp="2026-08-31T16:16:29" hostname="KFAINO" time="0.029">
  <properties/>
  <testcase name="ClippingRecord 搜索关键字穿透与提取正常" classname="com.kfaino.diapertracker.IdeaClippingVaultTest" time="0.019"/>
  <testcase name="IdeaRecord 模型默认值与预览截断逻辑正常" classname="com.kfaino.diapertracker.IdeaClippingVaultTest" time="0.01"/>
  <system-out><![CDATA[]]></system-out>
  <system-err><![CDATA[]]></system-err>
</testsuite>
