<?xml version="1.0" encoding="UTF-8"?>
<testsuite name="com.kfaino.collector.desktop.sync.WebDavLiveTest" tests="2" skipped="2" failures="0" errors="0" timestamp="2026-08-31T16:19:27" hostname="KFAINO" time="0.006">
  <properties/>
  <testcase name="publicHttpsBackupRoundTripWithRealStore" classname="com.kfaino.collector.desktop.sync.WebDavLiveTest" time="0.005">
    <skipped/>
  </testcase>
  <testcase name="androidPublicBackupRestoresIntoDesktopWithoutLosingFields" classname="com.kfaino.collector.desktop.sync.WebDavLiveTest" time="0.001">
    <skipped/>
  </testcase>
  <system-out><![CDATA[]]></system-out>
  <system-err><![CDATA[]]></system-err>
</testsuite>
