<?xml version="1.0" encoding="UTF-8"?>
<testsuite name="com.kfaino.collector.desktop.sync.WebDavRevisionAfterRestoreTest" tests="1" skipped="0" failures="0" errors="0" timestamp="2026-08-31T16:19:28" hostname="KFAINO" time="0.041">
  <properties/>
  <testcase name="downloadedRevisionAllowsConditionalUploadAndRedirectIsRejected" classname="com.kfaino.collector.desktop.sync.WebDavRevisionAfterRestoreTest" time="0.041"/>
  <system-out><![CDATA[]]></system-out>
  <system-err><![CDATA[]]></system-err>
</testsuite>
