<?xml version="1.0" encoding="UTF-8"?>
<testsuite name="com.kfaino.collector.desktop.server.FamilyAccessTest" tests="2" skipped="0" failures="0" errors="0" timestamp="2026-08-31T16:19:24" hostname="KFAINO" time="0.988">
  <properties/>
  <testcase name="expiryFreesQuotaAndReissueDoesNotInheritSharing" classname="com.kfaino.collector.desktop.server.FamilyAccessTest" time="0.301"/>
  <testcase name="actualHttpEnforcesScopeRolesRevocationAndAudit" classname="com.kfaino.collector.desktop.server.FamilyAccessTest" time="0.687"/>
  <system-out><![CDATA[Collecter Embedded Server started on http://127.0.0.1:1758/ (local only)
]]></system-out>
  <system-err><![CDATA[]]></system-err>
</testsuite>
