<?xml version="1.0" encoding="UTF-8"?>
<testsuite name="com.kfaino.collecter.core.LanHttpTest" tests="3" skipped="0" failures="0" errors="0" timestamp="2026-08-31T16:15:31" hostname="KFAINO" time="0.005">
  <properties/>
  <testcase name="utf8BodyUsesByteLengthAndRejectsTruncation" classname="com.kfaino.collecter.core.LanHttpTest" time="0.003"/>
  <testcase name="authRejectsCrossOriginDnsRebindingAndWrongToken" classname="com.kfaino.collecter.core.LanHttpTest" time="0.001"/>
  <testcase name="ambiguousAndOversizedRequestsFailBeforeReadingBody" classname="com.kfaino.collecter.core.LanHttpTest" time="0.001"/>
  <system-out><![CDATA[]]></system-out>
  <system-err><![CDATA[]]></system-err>
</testsuite>
