<?xml version="1.0" encoding="UTF-8"?>
<testsuite name="com.kfaino.collecter.core.WorkspaceRecordsTest" tests="2" skipped="0" failures="0" errors="0" timestamp="2026-08-31T16:15:31" hostname="KFAINO" time="0.002">
  <properties/>
  <testcase name="collectionRetainsOriginalAndLinksAreBidirectionalAndIdempotent" classname="com.kfaino.collecter.core.WorkspaceRecordsTest" time="0.001"/>
  <testcase name="remindersDedupePerCycleAndSnoozeAndMutePersist" classname="com.kfaino.collecter.core.WorkspaceRecordsTest" time="0.0"/>
  <system-out><![CDATA[]]></system-out>
  <system-err><![CDATA[]]></system-err>
</testsuite>
