<?xml version="1.0" encoding="UTF-8"?>
<testsuite name="com.kfaino.collecter.core.SnapshotSyncTest" tests="4" skipped="0" failures="0" errors="0" timestamp="2026-08-31T16:15:31" hostname="KFAINO" time="0.006">
  <properties/>
  <testcase name="sameVersionConflictsConvergeAndKeepBothVariants" classname="com.kfaino.collecter.core.SnapshotSyncTest" time="0.003"/>
  <testcase name="everyCollectionAndUnrecognizedFieldSurvives" classname="com.kfaino.collecter.core.SnapshotSyncTest" time="0.001"/>
  <testcase name="editsKeepFutureFieldsAndDeletionCannotResurrect" classname="com.kfaino.collecter.core.SnapshotSyncTest" time="0.001"/>
  <testcase name="identityAndEntryWireAliasesMatchBothPlatforms" classname="com.kfaino.collecter.core.SnapshotSyncTest" time="0.0"/>
  <system-out><![CDATA[]]></system-out>
  <system-err><![CDATA[]]></system-err>
</testsuite>
